2024-09-16 00:39:39,013 - INFO - 开始处理文件: C:/Users/weifeng/Music/低视力音乐助人者_mp4.mp3
2024-09-16 00:39:39,014 - INFO - 开始处理文件: C:/Users/weifeng/Music/【语文大师】夜宿山寺――唐・李白.mp3
2024-09-16 00:39:39,066 - INFO - 完成处理文件: C:/Users/weifeng/Music/低视力音乐助人者_mp4.mp3
2024-09-16 00:39:48,506 - INFO - 完成处理文件: C:/Users/weifeng/Music/【语文大师】夜宿山寺――唐・李白.mp3
2024-09-16 00:41:26,664 - INFO - 开始处理文件: C:/Users/weifeng/Music/低视力音乐助人者_mp4.mp3
2024-09-16 00:41:26,665 - INFO - 开始处理文件: C:/Users/weifeng/Music/【语文大师】夜宿山寺――唐・李白.mp3
2024-09-16 00:41:26,679 - INFO - 完成处理文件: C:/Users/weifeng/Music/【语文大师】夜宿山寺――唐・李白.mp3
2024-09-16 00:41:26,715 - INFO - 完成处理文件: C:/Users/weifeng/Music/低视力音乐助人者_mp4.mp3
2024-09-16 00:42:15,826 - INFO - 开始处理文件: C:/Users/weifeng/Music/test.mp3
2024-09-16 00:42:15,827 - INFO - 开始处理文件: C:/Users/weifeng/Music/response.mp3
2024-09-16 00:42:19,412 - INFO - 完成处理文件: C:/Users/weifeng/Music/test.mp3
2024-09-16 00:42:22,548 - INFO - 完成处理文件: C:/Users/weifeng/Music/response.mp3
2024-09-17 17:02:39,055 - INFO - 开始处理文件: C:/Users/weifeng/Videos/2024华师双创营种子营选修选题一：专利分析助力科研选题与立项.mp4
2024-09-17 17:02:39,058 - INFO - 开始处理文件: C:/Users/weifeng/Videos/AI Video Generator.mp4
2024-09-17 17:02:39,058 - INFO - 开始处理文件: C:/Users/weifeng/Videos/A_mot_people_short.mp4
2024-09-17 17:02:39,066 - ERROR - 处理文件 C:/Users/weifeng/Videos/2024华师双创营种子营选修选题一：专利分析助力科研选题与立项.mp4 时出错: Unsupported sound format: mp4
2024-09-17 17:02:39,066 - ERROR - 处理文件 C:/Users/weifeng/Videos/AI Video Generator.mp4 时出错: Unsupported sound format: mp4
2024-09-17 17:02:39,067 - ERROR - 处理文件 C:/Users/weifeng/Videos/A_mot_people_short.mp4 时出错: Unsupported sound format: mp4
2024-09-17 17:02:39,100 - INFO - 开始处理文件: C:/Users/weifeng/Videos/N进制演示器.mp4
2024-09-17 17:02:39,100 - ERROR - 处理文件 C:/Users/weifeng/Videos/N进制演示器.mp4 时出错: Unsupported sound format: mp4
2024-09-17 17:02:39,101 - INFO - 开始处理文件: C:/Users/weifeng/Videos/java.ts
2024-09-17 17:02:39,101 - ERROR - 处理文件 C:/Users/weifeng/Videos/java.ts 时出错: Unsupported sound format: ts
2024-09-17 17:02:39,101 - INFO - 开始处理文件: C:/Users/weifeng/Videos/image_01_00_The_shippasses_on_the_river.mp4
2024-09-17 17:02:39,103 - ERROR - 处理文件 C:/Users/weifeng/Videos/image_01_00_The_shippasses_on_the_river.mp4 时出错: Unsupported sound format: mp4
2024-09-17 17:02:39,105 - INFO - 开始处理文件: C:/Users/weifeng/Videos/output.mp4
2024-09-17 17:02:39,105 - INFO - 开始处理文件: C:/Users/weifeng/Videos/Tokidoki_Bosotto_S01E08.mp4
2024-09-17 17:02:39,105 - ERROR - 处理文件 C:/Users/weifeng/Videos/output.mp4 时出错: Unsupported sound format: mp4
2024-09-17 17:02:39,106 - INFO - 开始处理文件: C:/Users/weifeng/Videos/Tokidoki_Bosotto_S01E09.mp4
2024-09-17 17:02:39,106 - ERROR - 处理文件 C:/Users/weifeng/Videos/Tokidoki_Bosotto_S01E08.mp4 时出错: Unsupported sound format: mp4
2024-09-17 17:02:39,106 - ERROR - 处理文件 C:/Users/weifeng/Videos/Tokidoki_Bosotto_S01E09.mp4 时出错: Unsupported sound format: mp4
2024-09-17 17:02:39,110 - INFO - 开始处理文件: C:/Users/weifeng/Videos/Tokidoki_Bosotto_S01E10.mp4
2024-09-17 17:02:39,110 - INFO - 开始处理文件: C:/Users/weifeng/Videos/Tokidoki_Bosotto_S01E11.mp4
2024-09-17 17:02:39,110 - ERROR - 处理文件 C:/Users/weifeng/Videos/Tokidoki_Bosotto_S01E10.mp4 时出错: Unsupported sound format: mp4
2024-09-17 17:02:39,110 - INFO - 开始处理文件: C:/Users/weifeng/Videos/video.mp4
2024-09-17 17:02:39,110 - ERROR - 处理文件 C:/Users/weifeng/Videos/Tokidoki_Bosotto_S01E11.mp4 时出错: Unsupported sound format: mp4
2024-09-17 17:02:39,110 - ERROR - 处理文件 C:/Users/weifeng/Videos/video.mp4 时出错: Unsupported sound format: mp4
2024-09-17 17:02:39,114 - INFO - 开始处理文件: C:/Users/weifeng/Videos/video_table.avi
2024-09-17 17:02:39,114 - INFO - 开始处理文件: C:/Users/weifeng/Videos/xh.mp4
2024-09-17 17:02:39,114 - ERROR - 处理文件 C:/Users/weifeng/Videos/video_table.avi 时出错: Unsupported sound format: avi
2024-09-17 17:02:39,115 - INFO - 开始处理文件: C:/Users/weifeng/Videos/xhs.mp4
2024-09-17 17:02:39,115 - ERROR - 处理文件 C:/Users/weifeng/Videos/xh.mp4 时出错: Unsupported sound format: mp4
2024-09-17 17:02:39,116 - ERROR - 处理文件 C:/Users/weifeng/Videos/xhs.mp4 时出错: Unsupported sound format: mp4
2024-09-17 17:02:39,118 - INFO - 开始处理文件: C:/Users/weifeng/Videos/低视力音乐助人者_mp4.mp4
2024-09-17 17:02:39,119 - ERROR - 处理文件 C:/Users/weifeng/Videos/低视力音乐助人者_mp4.mp4 时出错: Unsupported sound format: mp4
2024-09-17 17:02:39,119 - INFO - 开始处理文件: C:/Users/weifeng/Videos/录制文件.mp4
2024-09-17 17:02:39,120 - INFO - 开始处理文件: C:/Users/weifeng/Videos/佛山周末穷游好去处!.mp4
2024-09-17 17:02:39,120 - ERROR - 处理文件 C:/Users/weifeng/Videos/录制文件.mp4 时出错: Unsupported sound format: mp4
2024-09-17 17:02:39,120 - ERROR - 处理文件 C:/Users/weifeng/Videos/佛山周末穷游好去处!.mp4 时出错: Unsupported sound format: mp4
2024-09-17 17:02:39,122 - INFO - 开始处理文件: C:/Users/weifeng/Videos/录制文件_2.mp4
2024-09-17 17:02:39,123 - INFO - 开始处理文件: C:/Users/weifeng/Videos/视频_2023-03-19_210728.mp4
2024-09-17 17:02:39,123 - ERROR - 处理文件 C:/Users/weifeng/Videos/录制文件_2.mp4 时出错: Unsupported sound format: mp4
2024-09-17 17:02:39,123 - INFO - 开始处理文件: C:/Users/weifeng/Videos/怎么优化db文件.mp4
2024-09-17 17:02:39,123 - ERROR - 处理文件 C:/Users/weifeng/Videos/视频_2023-03-19_210728.mp4 时出错: Unsupported sound format: mp4
2024-09-17 17:02:39,123 - ERROR - 处理文件 C:/Users/weifeng/Videos/怎么优化db文件.mp4 时出错: Unsupported sound format: mp4
2024-09-17 17:02:39,126 - INFO - 开始处理文件: C:/Users/weifeng/Videos/张杰信-好.mov
2024-09-17 17:02:39,126 - ERROR - 处理文件 C:/Users/weifeng/Videos/张杰信-好.mov 时出错: Unsupported sound format: mov
2024-09-17 17:02:39,126 - INFO - 开始处理文件: C:/Users/weifeng/Videos/Oshi_no_Ko(1)\Oshi_no_Ko_S02E01.mp4
2024-09-17 17:02:39,127 - INFO - 开始处理文件: C:/Users/weifeng/Videos/Oshi_no_Ko(1)\Oshi_no_Ko_S02E02.mp4
2024-09-17 17:02:39,127 - ERROR - 处理文件 C:/Users/weifeng/Videos/Oshi_no_Ko(1)\Oshi_no_Ko_S02E01.mp4 时出错: Unsupported sound format: mp4
2024-09-17 17:02:39,128 - ERROR - 处理文件 C:/Users/weifeng/Videos/Oshi_no_Ko(1)\Oshi_no_Ko_S02E02.mp4 时出错: Unsupported sound format: mp4
2024-09-17 17:02:39,130 - INFO - 开始处理文件: C:/Users/weifeng/Videos/Oshi_no_Ko(1)\Oshi_no_Ko_S02E03.mp4
2024-09-17 17:02:39,130 - INFO - 开始处理文件: C:/Users/weifeng/Videos/Oshi_no_Ko(1)\Oshi_no_Ko_S02E04.mp4
2024-09-17 17:02:39,131 - INFO - 开始处理文件: C:/Users/weifeng/Videos/Oshi_no_Ko(1)\Oshi_no_Ko_S02E05.mp4
2024-09-17 17:02:39,132 - ERROR - 处理文件 C:/Users/weifeng/Videos/Oshi_no_Ko(1)\Oshi_no_Ko_S02E03.mp4 时出错: Unsupported sound format: mp4
2024-09-17 17:02:39,132 - ERROR - 处理文件 C:/Users/weifeng/Videos/Oshi_no_Ko(1)\Oshi_no_Ko_S02E04.mp4 时出错: Unsupported sound format: mp4
2024-09-17 17:02:39,133 - ERROR - 处理文件 C:/Users/weifeng/Videos/Oshi_no_Ko(1)\Oshi_no_Ko_S02E05.mp4 时出错: Unsupported sound format: mp4
2024-09-17 17:02:39,134 - INFO - 开始处理文件: C:/Users/weifeng/Videos/Oshi_no_Ko(1)\Oshi_no_Ko_S02E07.mp4
2024-09-17 17:02:39,134 - ERROR - 处理文件 C:/Users/weifeng/Videos/Oshi_no_Ko(1)\Oshi_no_Ko_S02E07.mp4 时出错: Unsupported sound format: mp4
2024-09-17 17:02:39,134 - INFO - 开始处理文件: C:/Users/weifeng/Videos/Oshi_no_Ko(1)\Oshi_no_Ko_S02E06.mp4
2024-09-17 17:02:39,134 - INFO - 开始处理文件: C:/Users/weifeng/Videos/Oshi_no_Ko(1)\Oshi_no_Ko_S02E08.mp4
2024-09-17 17:02:39,135 - ERROR - 处理文件 C:/Users/weifeng/Videos/Oshi_no_Ko(1)\Oshi_no_Ko_S02E06.mp4 时出错: Unsupported sound format: mp4
2024-09-17 17:02:39,135 - ERROR - 处理文件 C:/Users/weifeng/Videos/Oshi_no_Ko(1)\Oshi_no_Ko_S02E08.mp4 时出错: Unsupported sound format: mp4
2024-09-17 17:02:39,150 - INFO - 开始处理文件: C:/Users/weifeng/Videos/Oshi_no_Ko(1)\Oshi_no_Ko_S02E09.mp4
2024-09-17 17:02:39,150 - INFO - 开始处理文件: C:/Users/weifeng/Videos/Oshi_no_Ko(1)\Oshi_no_Ko_S02E10.mp4
2024-09-17 17:02:39,150 - ERROR - 处理文件 C:/Users/weifeng/Videos/Oshi_no_Ko(1)\Oshi_no_Ko_S02E09.mp4 时出错: Unsupported sound format: mp4
2024-09-17 17:02:39,150 - INFO - 开始处理文件: C:/Users/weifeng/Videos/Yuan Shen 原神\Yuan Shen 原神 2023.03.10 - 11.45.50.01.mp4
2024-09-17 17:02:39,151 - ERROR - 处理文件 C:/Users/weifeng/Videos/Oshi_no_Ko(1)\Oshi_no_Ko_S02E10.mp4 时出错: Unsupported sound format: mp4
2024-09-17 17:02:39,154 - ERROR - 处理文件 C:/Users/weifeng/Videos/Yuan Shen 原神\Yuan Shen 原神 2023.03.10 - 11.45.50.01.mp4 时出错: Unsupported sound format: mp4
2024-09-17 17:02:39,155 - INFO - 开始处理文件: C:/Users/weifeng/Videos/Yuan Shen 原神\Yuan Shen 原神 2023.03.10 - 12.09.22.02.mp4
2024-09-17 17:02:39,155 - INFO - 开始处理文件: C:/Users/weifeng/Videos/Captures\baidu.mp4
2024-09-17 17:02:39,155 - ERROR - 处理文件 C:/Users/weifeng/Videos/Yuan Shen 原神\Yuan Shen 原神 2023.03.10 - 12.09.22.02.mp4 时出错: Unsupported sound format: mp4
2024-09-17 17:02:39,156 - ERROR - 处理文件 C:/Users/weifeng/Videos/Captures\baidu.mp4 时出错: Unsupported sound format: mp4
2024-09-17 17:02:39,158 - INFO - 开始处理文件: C:/Users/weifeng/Videos/Captures\pyvideotrans_videotrans_task_main_worker.py at ba4cfb1d878fbe7a60887791797f946a322b06fa ・ jianchang512_pyvideotrans - Google Chrome 2024-08-12 23-02-58.mp4
2024-09-17 17:02:39,159 - INFO - 开始处理文件: C:/Users/weifeng/Videos/逍遥安卓视频\【语文大师】夜宿山寺――唐・李白.ts
2024-09-17 17:02:39,159 - INFO - 开始处理文件: C:/Users/weifeng/Videos/逍遥安卓视频\低视力音乐助人者_mp4.mp4
2024-09-17 17:02:39,159 - ERROR - 处理文件 C:/Users/weifeng/Videos/Captures\pyvideotrans_videotrans_task_main_worker.py at ba4cfb1d878fbe7a60887791797f946a322b06fa ・ jianchang512_pyvideotrans - Google Chrome 2024-08-12 23-02-58.mp4 时出错: Unsupported sound format: mp4
2024-09-17 17:02:39,159 - ERROR - 处理文件 C:/Users/weifeng/Videos/逍遥安卓视频\【语文大师】夜宿山寺――唐・李白.ts 时出错: Unsupported sound format: ts
2024-09-17 17:02:39,159 - ERROR - 处理文件 C:/Users/weifeng/Videos/逍遥安卓视频\低视力音乐助人者_mp4.mp4 时出错: Unsupported sound format: mp4
2024-09-17 17:02:39,163 - INFO - 开始处理文件: C:/Users/weifeng/Videos/逍遥安卓视频\佛山周末穷游好去处!.mp4
2024-09-17 17:02:39,163 - INFO - 开始处理文件: C:/Users/weifeng/Videos/（实验班）511《蜡烛的燃烧》2.mov
2024-09-17 17:02:39,163 - INFO - 开始处理文件: C:/Users/weifeng/Videos/[Nekomoe kissaten][Bocchi the Rock!][08][1080p][CHS].mp4
2024-09-17 17:02:39,163 - ERROR - 处理文件 C:/Users/weifeng/Videos/逍遥安卓视频\佛山周末穷游好去处!.mp4 时出错: Unsupported sound format: mp4
2024-09-17 17:02:39,164 - ERROR - 处理文件 C:/Users/weifeng/Videos/（实验班）511《蜡烛的燃烧》2.mov 时出错: Unsupported sound format: mov
2024-09-17 17:02:39,164 - ERROR - 处理文件 C:/Users/weifeng/Videos/[Nekomoe kissaten][Bocchi the Rock!][08][1080p][CHS].mp4 时出错: Unsupported sound format: mp4
2024-09-17 17:02:39,167 - INFO - 开始处理文件: C:/Users/weifeng/Videos/[Nekomoe kissaten][Bocchi the Rock!][09][1080p][CHS].mp4
2024-09-17 17:02:39,167 - INFO - 开始处理文件: C:/Users/weifeng/Videos/[Nekomoe kissaten][Bocchi the Rock!][10][1080p][CHS].mp4
2024-09-17 17:02:39,168 - ERROR - 处理文件 C:/Users/weifeng/Videos/[Nekomoe kissaten][Bocchi the Rock!][09][1080p][CHS].mp4 时出错: Unsupported sound format: mp4
2024-09-17 17:02:39,168 - INFO - 开始处理文件: C:/Users/weifeng/Videos/[Nekomoe kissaten][Bocchi the Rock!][11][1080p][CHS].mp4
2024-09-17 17:02:39,168 - ERROR - 处理文件 C:/Users/weifeng/Videos/[Nekomoe kissaten][Bocchi the Rock!][10][1080p][CHS].mp4 时出错: Unsupported sound format: mp4
2024-09-17 17:02:39,169 - ERROR - 处理文件 C:/Users/weifeng/Videos/[Nekomoe kissaten][Bocchi the Rock!][11][1080p][CHS].mp4 时出错: Unsupported sound format: mp4
2024-09-17 17:02:39,171 - INFO - 开始处理文件: C:/Users/weifeng/Videos/【MrBeast公益】我建了100栋房子然后把他送人了！.mp4
2024-09-17 17:02:39,172 - ERROR - 处理文件 C:/Users/weifeng/Videos/【MrBeast公益】我建了100栋房子然后把他送人了！.mp4 时出错: Unsupported sound format: mp4
2024-09-17 17:02:39,172 - INFO - 开始处理文件: C:/Users/weifeng/Videos/【语文大师】夜宿山寺――唐・李白.ts
2024-09-17 17:02:39,173 - ERROR - 处理文件 C:/Users/weifeng/Videos/【语文大师】夜宿山寺――唐・李白.ts 时出错: Unsupported sound format: ts
2024-09-17 17:02:39,175 - INFO - 开始处理文件: C:/Users/weifeng/Videos/08.mp4
2024-09-17 17:02:39,176 - INFO - 开始处理文件: C:/Users/weifeng/Videos/11e26a0b53c249c4b653d5a2e6526bda.mp4
2024-09-17 17:02:39,176 - ERROR - 处理文件 C:/Users/weifeng/Videos/08.mp4 时出错: Unsupported sound format: mp4
2024-09-17 17:02:39,176 - ERROR - 处理文件 C:/Users/weifeng/Videos/11e26a0b53c249c4b653d5a2e6526bda.mp4 时出错: Unsupported sound format: mp4
